[0m15:33:59.184132 [debug] [MainThread]: Sending event: {'category': 'dbt', 'action': 'invocation', 'label': 'start', 'context': [<snowplow_tracker.self_describing_json.SelfDescribingJson object at 0x104794c50>, <snowplow_tracker.self_describing_json.SelfDescribingJson object at 0x1047ae590>, <snowplow_tracker.self_describing_json.SelfDescribingJson object at 0x1047aeb50>]}


============================== 15:33:59.186638 | ad61aa1d-60bf-432c-a38e-63e66b50341d ==============================
[0m15:33:59.186638 [info ] [MainThread]: Running with dbt=1.7.5
[0m15:33:59.186924 [debug] [MainThread]: running dbt with arguments {'printer_width': '80', 'indirect_selection': 'eager', 'log_cache_events': 'False', 'write_json': 'True', 'partial_parse': 'True', 'cache_selected_only': 'False', 'warn_error': 'None', 'debug': 'False', 'fail_fast': 'False', 'log_path': 'logs', 'version_check': 'True', 'profiles_dir': '/Users/marcusgainey/.dbt', 'use_colors': 'True', 'use_experimental_parser': 'False', 'no_print': 'None', 'quiet': 'False', 'log_format': 'default', 'introspect': 'True', 'warn_error_options': 'WarnErrorOptions(include=[], exclude=[])', 'invocation_command': 'dbt init', 'target_path': 'None', 'static_parser': 'True', 'send_anonymous_usage_stats': 'True'}
[0m15:33:59.187213 [warn ] [MainThread]: [ConfigFolderDirectory]: Unable to parse dict {'dir': PosixPath('/Users/marcusgainey/.dbt')}
[0m15:33:59.187377 [info ] [MainThread]: Creating dbt configuration folder at 
[0m15:34:11.454591 [debug] [MainThread]: Starter project path: /Users/marcusgainey/anaconda3/lib/python3.11/site-packages/dbt/include/starter_project
[0m15:34:11.468500 [info ] [MainThread]: 
Your new dbt project "custom_postgres" was created!

For more information on how to configure the profiles.yml file,
please consult the dbt documentation here:

  https://docs.getdbt.com/docs/configure-your-profile

One more thing:

Need help? Don't hesitate to reach out to us via GitHub issues or on Slack:

  https://community.getdbt.com/

Happy modeling!

[0m15:34:11.469165 [info ] [MainThread]: Setting up your profile.
[0m15:36:21.432107 [info ] [MainThread]: Profile custom_postgres written to /Users/marcusgainey/.dbt/profiles.yml using target's profile_template.yml and your supplied values. Run 'dbt debug' to validate the connection.
[0m15:36:21.470951 [debug] [MainThread]: Resource report: {"command_name": "init", "command_success": true, "command_wall_clock_time": 142.30482, "process_user_time": 0.842088, "process_kernel_time": 0.206685, "process_mem_max_rss": "100548608", "process_in_blocks": "0", "process_out_blocks": "0"}
[0m15:36:21.473760 [debug] [MainThread]: Command `dbt init` succeeded at 15:36:21.473270 after 142.31 seconds
[0m15:36:21.474808 [debug] [MainThread]: Sending event: {'category': 'dbt', 'action': 'invocation', 'label': 'end', 'context': [<snowplow_tracker.self_describing_json.SelfDescribingJson object at 0x1047ae9d0>, <snowplow_tracker.self_describing_json.SelfDescribingJson object at 0x1047bcad0>, <snowplow_tracker.self_describing_json.SelfDescribingJson object at 0x100a0d090>]}
[0m15:36:21.475887 [debug] [MainThread]: Flushing usage events
